<?xml version="1.0" encoding="UTF-8"?>
<!-- Generated by org.testng.reporters.JUnitXMLReporter -->
<testsuite ignored="0" hostname="DESKTOP-35HBDVU" failures="0" tests="5" name="Default test" time="2.311" errors="0" timestamp="22 Nov 2025 07:35:24 GMT">
  <testcase classname="com.app.test.AddPlace_Test" name="addPlaceTest" time="1.806"/>
  <testcase classname="com.app.test.AddPlace_Test" name="addPlaceTest" time="0.118"/>
  <testcase classname="com.app.test.AddPlace_Test" name="addPlaceTest" time="0.115"/>
  <testcase classname="com.app.test.AddPlace_Test" name="addPlaceTest" time="0.119"/>
  <testcase classname="com.app.test.AddPlace_Test" name="addPlaceTest" time="0.108"/>
</testsuite> <!-- Default test -->
