<?xml version="1.0" encoding="UTF-8"?>
<testng-results ignored="0" total="5" passed="5" failed="0" skipped="0">
  <reporter-output>
  </reporter-output>
  <suite started-at="2025-11-22T07:35:22Z" name="Default suite" finished-at="2025-11-22T07:35:24Z" duration-ms="2311">
    <groups>
    </groups>
    <test started-at="2025-11-22T07:35:22Z" name="Default test" finished-at="2025-11-22T07:35:24Z" duration-ms="2311">
      <class name="com.app.test.AddPlace_Test">
        <test-method signature="addPlaceTest(java.lang.String, java.lang.String, java.lang.String, java.lang.String)[pri:0, instance:com.app.test.AddPlace_Test@2de56eb2]" started-at="2025-11-22T07:35:22Z" name="addPlaceTest" data-provider="placeData" finished-at="2025-11-22T07:35:23Z" duration-ms="1806" status="PASS">
          <params>
            <param index="0">
              <value>
                <![CDATA[Frontline house]]>
              </value>
            </param>
            <param index="1">
              <value>
                <![CDATA[29 side layout cohen 09]]>
              </value>
            </param>
            <param index="2">
              <value>
                <![CDATA[(+91) 983 893 3937]]>
              </value>
            </param>
            <param index="3">
              <value>
                <![CDATA[French-IN]]>
              </value>
            </param>
          </params>
          <reporter-output>
          </reporter-output>
        </test-method> <!-- addPlaceTest -->
        <test-method signature="addPlaceTest(java.lang.String, java.lang.String, java.lang.String, java.lang.String)[pri:0, instance:com.app.test.AddPlace_Test@2de56eb2]" started-at="2025-11-22T07:35:23Z" name="addPlaceTest" data-provider="placeData" finished-at="2025-11-22T07:35:23Z" duration-ms="118" status="PASS">
          <params>
            <param index="0">
              <value>
                <![CDATA[AIITE Academy]]>
              </value>
            </param>
            <param index="1">
              <value>
                <![CDATA[123 main road chennai 01]]>
              </value>
            </param>
            <param index="2">
              <value>
                <![CDATA[(+91) 999 999 9999]]>
              </value>
            </param>
            <param index="3">
              <value>
                <![CDATA[English-IN]]>
              </value>
            </param>
          </params>
          <reporter-output>
          </reporter-output>
        </test-method> <!-- addPlaceTest -->
        <test-method signature="addPlaceTest(java.lang.String, java.lang.String, java.lang.String, java.lang.String)[pri:0, instance:com.app.test.AddPlace_Test@2de56eb2]" started-at="2025-11-22T07:35:23Z" name="addPlaceTest" data-provider="placeData" finished-at="2025-11-22T07:35:24Z" duration-ms="115" status="PASS">
          <params>
            <param index="0">
              <value>
                <![CDATA[Money Forward]]>
              </value>
            </param>
            <param index="1">
              <value>
                <![CDATA[45 tech park bengaluru 560103]]>
              </value>
            </param>
            <param index="2">
              <value>
                <![CDATA[(+91) 984 888 5555]]>
              </value>
            </param>
            <param index="3">
              <value>
                <![CDATA[Japanese-JP]]>
              </value>
            </param>
          </params>
          <reporter-output>
          </reporter-output>
        </test-method> <!-- addPlaceTest -->
        <test-method signature="addPlaceTest(java.lang.String, java.lang.String, java.lang.String, java.lang.String)[pri:0, instance:com.app.test.AddPlace_Test@2de56eb2]" started-at="2025-11-22T07:35:24Z" name="addPlaceTest" data-provider="placeData" finished-at="2025-11-22T07:35:24Z" duration-ms="119" status="PASS">
          <params>
            <param index="0">
              <value>
                <![CDATA[Trickle Tech]]>
              </value>
            </param>
            <param index="1">
              <value>
                <![CDATA[78 startup street coimbatore 641045]]>
              </value>
            </param>
            <param index="2">
              <value>
                <![CDATA[(+91) 912 345 6789]]>
              </value>
            </param>
            <param index="3">
              <value>
                <![CDATA[English-IN]]>
              </value>
            </param>
          </params>
          <reporter-output>
          </reporter-output>
        </test-method> <!-- addPlaceTest -->
        <test-method signature="addPlaceTest(java.lang.String, java.lang.String, java.lang.String, java.lang.String)[pri:0, instance:com.app.test.AddPlace_Test@2de56eb2]" started-at="2025-11-22T07:35:24Z" name="addPlaceTest" data-provider="placeData" finished-at="2025-11-22T07:35:24Z" duration-ms="108" status="PASS">
          <params>
            <param index="0">
              <value>
                <![CDATA[Test House]]>
              </value>
            </param>
            <param index="1">
              <value>
                <![CDATA[12 garden view salem 636007]]>
              </value>
            </param>
            <param index="2">
              <value>
                <![CDATA[(+91) 900 100 2003]]>
              </value>
            </param>
            <param index="3">
              <value>
                <![CDATA[Tamil-IN]]>
              </value>
            </param>
          </params>
          <reporter-output>
          </reporter-output>
        </test-method> <!-- addPlaceTest -->
      </class> <!-- com.app.test.AddPlace_Test -->
    </test> <!-- Default test -->
  </suite> <!-- Default suite -->
</testng-results>
