<?xml version="1.0" encoding="UTF-8"?>
<!-- Generated by org.testng.reporters.JUnitReportReporter -->
<testsuite hostname="DESKTOP-35HBDVU" failures="0" tests="5" name="com.app.test.AddPlace_Test" time="2.266" errors="0" timestamp="22 Nov 2025 07:35:24 GMT" skipped="0">
  <testcase classname="com.app.test.AddPlace_Test" name="addPlaceTest" time="1.806"/>
  <testcase classname="com.app.test.AddPlace_Test" name="addPlaceTest" time="0.119"/>
  <testcase classname="com.app.test.AddPlace_Test" name="addPlaceTest" time="0.108"/>
  <testcase classname="com.app.test.AddPlace_Test" name="addPlaceTest" time="0.115"/>
  <testcase classname="com.app.test.AddPlace_Test" name="addPlaceTest" time="0.118"/>
</testsuite> <!-- com.app.test.AddPlace_Test -->
